<?xml version="1.0" encoding="UTF-8"?>
<testng-results skipped="0" failed="0" ignored="0" total="2" passed="2">
  <reporter-output>
  </reporter-output>
  <suite name="Suite" duration-ms="18800" started-at="2019-06-17T10:01:04Z" finished-at="2019-06-17T10:01:23Z">
    <groups>
    </groups>
    <test name="Test" duration-ms="18800" started-at="2019-06-17T10:01:04Z" finished-at="2019-06-17T10:01:23Z">
      <class name="TestNG.MavenTestNG_Class2">
        <test-method status="PASS" signature="f()[pri:0, instance:TestNG.MavenTestNG_Class2@ba8d91c]" name="f" duration-ms="1" started-at="2019-06-17T10:01:20Z" finished-at="2019-06-17T10:01:20Z">
          <reporter-output>
          </reporter-output>
        </test-method> <!-- f -->
      </class> <!-- TestNG.MavenTestNG_Class2 -->
      <class name="TestNG.MavenTestNG_Class">
        <test-method status="PASS" signature="launchapp()[pri:0, instance:TestNG.MavenTestNG_Class@7364985f]" name="launchapp" is-config="true" duration-ms="16000" started-at="2019-06-17T10:01:04Z" finished-at="2019-06-17T10:01:20Z">
          <reporter-output>
          </reporter-output>
        </test-method> <!-- launchapp -->
        <test-method status="PASS" signature="beforeTest()[pri:0, instance:TestNG.MavenTestNG_Class2@ba8d91c]" name="beforeTest" is-config="true" duration-ms="0" started-at="2019-06-17T10:01:20Z" finished-at="2019-06-17T10:01:20Z">
          <reporter-output>
          </reporter-output>
        </test-method> <!-- beforeTest -->
        <test-method status="PASS" signature="change_time_frame_and_download()[pri:0, instance:TestNG.MavenTestNG_Class@7364985f]" name="change_time_frame_and_download" duration-ms="2615" started-at="2019-06-17T10:01:20Z" finished-at="2019-06-17T10:01:23Z">
          <reporter-output>
          </reporter-output>
        </test-method> <!-- change_time_frame_and_download -->
        <test-method status="PASS" signature="terminatetest()[pri:0, instance:TestNG.MavenTestNG_Class@7364985f]" name="terminatetest" is-config="true" duration-ms="153" started-at="2019-06-17T10:01:23Z" finished-at="2019-06-17T10:01:23Z">
          <reporter-output>
          </reporter-output>
        </test-method> <!-- terminatetest -->
        <test-method status="PASS" signature="afterTest()[pri:0, instance:TestNG.MavenTestNG_Class2@ba8d91c]" name="afterTest" is-config="true" duration-ms="2" started-at="2019-06-17T10:01:23Z" finished-at="2019-06-17T10:01:23Z">
          <reporter-output>
          </reporter-output>
        </test-method> <!-- afterTest -->
      </class> <!-- TestNG.MavenTestNG_Class -->
    </test> <!-- Test -->
  </suite> <!-- Suite -->
</testng-results>
