<?xml version="1.0" encoding="UTF-8"?>
<testng-results skipped="0" failed="0" ignored="0" total="2" passed="2">
  <reporter-output>
  </reporter-output>
  <suite name="Suite" duration-ms="28" started-at="2019-06-17T08:43:57Z" finished-at="2019-06-17T08:43:57Z">
    <groups>
    </groups>
    <test name="Test" duration-ms="28" started-at="2019-06-17T08:43:57Z" finished-at="2019-06-17T08:43:57Z">
      <class name="TestNG.MavenTestNG_Class2">
        <test-method status="PASS" signature="f()[pri:0, instance:TestNG.MavenTestNG_Class2@6166e06f]" name="f" duration-ms="1" started-at="2019-06-17T08:43:57Z" finished-at="2019-06-17T08:43:57Z">
          <reporter-output>
          </reporter-output>
        </test-method> <!-- f -->
      </class> <!-- TestNG.MavenTestNG_Class2 -->
      <class name="TestNG.MavenTestNG_Class">
        <test-method status="PASS" signature="beforeTest()[pri:0, instance:TestNG.MavenTestNG_Class@49e202ad]" name="beforeTest" is-config="true" duration-ms="12" started-at="2019-06-17T08:43:57Z" finished-at="2019-06-17T08:43:57Z">
          <reporter-output>
          </reporter-output>
        </test-method> <!-- beforeTest -->
        <test-method status="PASS" signature="beforeTest()[pri:0, instance:TestNG.MavenTestNG_Class2@6166e06f]" name="beforeTest" is-config="true" duration-ms="0" started-at="2019-06-17T08:43:57Z" finished-at="2019-06-17T08:43:57Z">
          <reporter-output>
          </reporter-output>
        </test-method> <!-- beforeTest -->
        <test-method status="PASS" signature="f()[pri:0, instance:TestNG.MavenTestNG_Class@49e202ad]" name="f" duration-ms="1" started-at="2019-06-17T08:43:57Z" finished-at="2019-06-17T08:43:57Z">
          <reporter-output>
          </reporter-output>
        </test-method> <!-- f -->
        <test-method status="PASS" signature="afterTest()[pri:0, instance:TestNG.MavenTestNG_Class@49e202ad]" name="afterTest" is-config="true" duration-ms="0" started-at="2019-06-17T08:43:57Z" finished-at="2019-06-17T08:43:57Z">
          <reporter-output>
          </reporter-output>
        </test-method> <!-- afterTest -->
        <test-method status="PASS" signature="afterTest()[pri:0, instance:TestNG.MavenTestNG_Class2@6166e06f]" name="afterTest" is-config="true" duration-ms="0" started-at="2019-06-17T08:43:57Z" finished-at="2019-06-17T08:43:57Z">
          <reporter-output>
          </reporter-output>
        </test-method> <!-- afterTest -->
      </class> <!-- TestNG.MavenTestNG_Class -->
    </test> <!-- Test -->
  </suite> <!-- Suite -->
</testng-results>
