<?xml version="1.0" encoding="UTF-8"?>
<testng-results skipped="0" failed="0" ignored="0" total="1" passed="1">
  <reporter-output>
  </reporter-output>
  <suite name="Default suite" duration-ms="15035" started-at="2019-06-17T09:59:04Z" finished-at="2019-06-17T09:59:19Z">
    <groups>
    </groups>
    <test name="Default test" duration-ms="15035" started-at="2019-06-17T09:59:04Z" finished-at="2019-06-17T09:59:19Z">
      <class name="TestNG.MavenTestNG_Class">
        <test-method status="PASS" signature="launchapp()[pri:0, instance:TestNG.MavenTestNG_Class@57baeedf]" name="launchapp" is-config="true" duration-ms="11598" started-at="2019-06-17T09:59:04Z" finished-at="2019-06-17T09:59:15Z">
          <reporter-output>
          </reporter-output>
        </test-method> <!-- launchapp -->
        <test-method status="PASS" signature="change_time_frame_and_download()[pri:0, instance:TestNG.MavenTestNG_Class@57baeedf]" name="change_time_frame_and_download" duration-ms="3252" started-at="2019-06-17T09:59:15Z" finished-at="2019-06-17T09:59:19Z">
          <reporter-output>
          </reporter-output>
        </test-method> <!-- change_time_frame_and_download -->
        <test-method status="PASS" signature="terminatetest()[pri:0, instance:TestNG.MavenTestNG_Class@57baeedf]" name="terminatetest" is-config="true" duration-ms="112" started-at="2019-06-17T09:59:19Z" finished-at="2019-06-17T09:59:19Z">
          <reporter-output>
          </reporter-output>
        </test-method> <!-- terminatetest -->
      </class> <!-- TestNG.MavenTestNG_Class -->
    </test> <!-- Default test -->
  </suite> <!-- Default suite -->
</testng-results>
